<?xml version="1.0" encoding="UTF-8"?>
<testng-results total="1" passed="1" failed="0" skipped="0">
  <reporter-output>
  </reporter-output>
  <suite started-at="2019-02-03T21:05:11Z" name="Test Automation Test Suite" finished-at="2019-02-03T21:05:24Z" duration-ms="13695">
    <groups>
    </groups>
    <test started-at="2019-02-03T21:05:11Z" name="Test Cases" finished-at="2019-02-03T21:05:24Z" duration-ms="13695">
      <class name="test.HomePageTest">
        <test-method is-config="true" signature="beforeTest()[pri:0, instance:test.HomePageTest@fa36558]" started-at="2019-02-04T02:35:11Z" name="beforeTest" finished-at="2019-02-04T02:35:11Z" duration-ms="329" status="PASS">
          <reporter-output>
          </reporter-output>
        </test-method> <!-- beforeTest -->
        <test-method is-config="true" signature="setUp()[pri:0, instance:test.HomePageTest@fa36558]" started-at="2019-02-04T02:35:11Z" name="setUp" finished-at="2019-02-04T02:35:22Z" duration-ms="11065" status="PASS">
          <reporter-output>
          </reporter-output>
        </test-method> <!-- setUp -->
        <test-method signature="loginPageTitleTest()[pri:1, instance:test.HomePageTest@fa36558]" started-at="2019-02-04T02:35:22Z" name="loginPageTitleTest" finished-at="2019-02-04T02:35:22Z" duration-ms="64" status="PASS">
          <reporter-output>
          </reporter-output>
        </test-method> <!-- loginPageTitleTest -->
        <test-method is-config="true" signature="tearDown(org.testng.ITestResult)[pri:0, instance:test.HomePageTest@fa36558]" started-at="2019-02-04T02:35:22Z" name="tearDown" finished-at="2019-02-04T02:35:24Z" duration-ms="1801" status="PASS">
          <params>
            <param index="0">
              <value>
                <![CDATA[[TestResult name=loginPageTitleTest status=SUCCESS method=HomePageTest.loginPageTitleTest()[pri:1, instance:test.HomePageTest@fa36558] output={null}]]]>
              </value>
            </param>
          </params>
          <reporter-output>
          </reporter-output>
        </test-method> <!-- tearDown -->
        <test-method is-config="true" signature="afterTest()[pri:0, instance:test.HomePageTest@fa36558]" started-at="2019-02-04T02:35:24Z" name="afterTest" finished-at="2019-02-04T02:35:24Z" duration-ms="432" status="PASS">
          <reporter-output>
          </reporter-output>
        </test-method> <!-- afterTest -->
      </class> <!-- test.HomePageTest -->
    </test> <!-- Test Cases -->
  </suite> <!-- Test Automation Test Suite -->
</testng-results>
